<?xml version="1.0" encoding="UTF-8"?>
<testng-results ignored="0" total="1" passed="1" failed="0" skipped="0">
  <reporter-output>
  </reporter-output>
  <suite started-at="2025-02-06T17:21:16 IST" name="Default suite" finished-at="2025-02-06T17:21:26 IST" duration-ms="9993">
    <groups>
    </groups>
    <test started-at="2025-02-06T17:21:16 IST" name="Default test" finished-at="2025-02-06T17:21:26 IST" duration-ms="9993">
      <class name="tutorialsninja.register.TC_RF_001">
        <test-method signature="VerifyRegisterwithFields()[pri:0, instance:tutorialsninja.register.TC_RF_001@9597028]" started-at="2025-02-06T17:21:16 IST" name="VerifyRegisterwithFields" finished-at="2025-02-06T17:21:26 IST" duration-ms="9908" status="PASS">
          <reporter-output>
          </reporter-output>
        </test-method> <!-- VerifyRegisterwithFields -->
      </class> <!-- tutorialsninja.register.TC_RF_001 -->
    </test> <!-- Default test -->
  </suite> <!-- Default suite -->
</testng-results>
